2023-05-18 16:53:40,755 INFO com.genius.tms_c61_genius.TmsC61GeniusApplication [restartedMain] Starting TmsC61GeniusApplication using Java 17.0.5 with PID 4568 (D:\Java\Java.projects\tms_c61_genius\target\classes started by ASUS in D:\Java\Java.projects\tms_c61_genius)
2023-05-18 16:53:40,758 INFO com.genius.tms_c61_genius.TmsC61GeniusApplication [restartedMain] No active profile set, falling back to 1 default profile: "default"
2023-05-18 16:53:42,899 INFO org.apache.catalina.core.StandardService [restartedMain] Starting service [Tomcat]
2023-05-18 16:53:42,900 INFO org.apache.catalina.core.StandardEngine [restartedMain] Starting Servlet engine: [Apache Tomcat/10.1.8]
2023-05-18 16:53:42,955 INFO org.apache.catalina.core.ContainerBase.[Tomcat].[localhost].[/] [restartedMain] Initializing Spring embedded WebApplicationContext
2023-05-18 16:53:43,210 INFO com.zaxxer.hikari.HikariDataSource [restartedMain] HikariPool-1 - Starting...
2023-05-18 16:53:43,381 INFO com.zaxxer.hikari.pool.HikariPool [restartedMain] HikariPool-1 - Added connection org.postgresql.jdbc.PgConnection@3810accc
2023-05-18 16:53:43,383 INFO com.zaxxer.hikari.HikariDataSource [restartedMain] HikariPool-1 - Start completed.
2023-05-18 16:53:43,422 INFO org.hibernate.jpa.internal.util.LogHelper [restartedMain] HHH000204: Processing PersistenceUnitInfo [name: default]
2023-05-18 16:53:43,471 INFO org.hibernate.Version [restartedMain] HHH000412: Hibernate ORM core version 6.1.7.Final
2023-05-18 16:53:43,777 INFO SQL dialect [restartedMain] HHH000400: Using dialect: org.hibernate.dialect.PostgreSQLDialect
2023-05-18 16:53:44,648 INFO org.hibernate.engine.transaction.jta.platform.internal.JtaPlatformInitiator [restartedMain] HHH000490: Using JtaPlatform implementation: [org.hibernate.engine.transaction.jta.platform.internal.NoJtaPlatform]
2023-05-18 16:53:46,032 INFO com.genius.tms_c61_genius.TmsC61GeniusApplication [restartedMain] Started TmsC61GeniusApplication in 5.725 seconds (process running for 6.392)
2023-05-18 16:53:46,785 INFO org.apache.catalina.core.ContainerBase.[Tomcat].[localhost].[/] [RMI TCP Connection(6)-192.168.100.130] Initializing Spring DispatcherServlet 'dispatcherServlet'
2023-05-18 16:54:32,889 INFO com.zaxxer.hikari.HikariDataSource [SpringApplicationShutdownHook] HikariPool-1 - Shutdown initiated...
2023-05-18 16:54:32,892 INFO com.zaxxer.hikari.HikariDataSource [SpringApplicationShutdownHook] HikariPool-1 - Shutdown completed.
2023-05-18 16:59:38,455 INFO com.genius.tms_c61_genius.TmsC61GeniusApplication [restartedMain] Starting TmsC61GeniusApplication using Java 17.0.5 with PID 14928 (D:\Java\Java.projects\tms_c61_genius\target\classes started by ASUS in D:\Java\Java.projects\tms_c61_genius)
2023-05-18 16:59:38,458 INFO com.genius.tms_c61_genius.TmsC61GeniusApplication [restartedMain] No active profile set, falling back to 1 default profile: "default"
2023-05-18 16:59:40,395 INFO org.apache.catalina.core.StandardService [restartedMain] Starting service [Tomcat]
2023-05-18 16:59:40,396 INFO org.apache.catalina.core.StandardEngine [restartedMain] Starting Servlet engine: [Apache Tomcat/10.1.8]
2023-05-18 16:59:40,470 INFO org.apache.catalina.core.ContainerBase.[Tomcat].[localhost].[/] [restartedMain] Initializing Spring embedded WebApplicationContext
2023-05-18 16:59:40,746 INFO com.zaxxer.hikari.HikariDataSource [restartedMain] HikariPool-1 - Starting...
2023-05-18 16:59:40,940 INFO com.zaxxer.hikari.pool.HikariPool [restartedMain] HikariPool-1 - Added connection org.postgresql.jdbc.PgConnection@3810accc
2023-05-18 16:59:40,942 INFO com.zaxxer.hikari.HikariDataSource [restartedMain] HikariPool-1 - Start completed.
2023-05-18 16:59:40,982 INFO org.hibernate.jpa.internal.util.LogHelper [restartedMain] HHH000204: Processing PersistenceUnitInfo [name: default]
2023-05-18 16:59:41,029 INFO org.hibernate.Version [restartedMain] HHH000412: Hibernate ORM core version 6.1.7.Final
2023-05-18 16:59:41,321 INFO SQL dialect [restartedMain] HHH000400: Using dialect: org.hibernate.dialect.PostgreSQLDialect
2023-05-18 16:59:42,223 INFO org.hibernate.engine.transaction.jta.platform.internal.JtaPlatformInitiator [restartedMain] HHH000490: Using JtaPlatform implementation: [org.hibernate.engine.transaction.jta.platform.internal.NoJtaPlatform]
2023-05-18 16:59:43,724 INFO com.genius.tms_c61_genius.TmsC61GeniusApplication [restartedMain] Started TmsC61GeniusApplication in 5.704 seconds (process running for 6.347)
2023-05-18 16:59:44,249 INFO org.apache.catalina.core.ContainerBase.[Tomcat].[localhost].[/] [RMI TCP Connection(1)-192.168.100.130] Initializing Spring DispatcherServlet 'dispatcherServlet'
2023-05-18 17:00:19,459 INFO com.zaxxer.hikari.HikariDataSource [SpringApplicationShutdownHook] HikariPool-1 - Shutdown initiated...
2023-05-18 17:00:19,467 INFO com.zaxxer.hikari.HikariDataSource [SpringApplicationShutdownHook] HikariPool-1 - Shutdown completed.
2023-05-18 17:00:24,914 INFO com.genius.tms_c61_genius.TmsC61GeniusApplication [restartedMain] Starting TmsC61GeniusApplication using Java 17.0.5 with PID 21036 (D:\Java\Java.projects\tms_c61_genius\target\classes started by ASUS in D:\Java\Java.projects\tms_c61_genius)
2023-05-18 17:00:24,917 INFO com.genius.tms_c61_genius.TmsC61GeniusApplication [restartedMain] No active profile set, falling back to 1 default profile: "default"
2023-05-18 17:00:26,729 INFO org.apache.catalina.core.StandardService [restartedMain] Starting service [Tomcat]
2023-05-18 17:00:26,729 INFO org.apache.catalina.core.StandardEngine [restartedMain] Starting Servlet engine: [Apache Tomcat/10.1.8]
2023-05-18 17:00:26,790 INFO org.apache.catalina.core.ContainerBase.[Tomcat].[localhost].[/] [restartedMain] Initializing Spring embedded WebApplicationContext
2023-05-18 17:00:27,150 INFO com.zaxxer.hikari.HikariDataSource [restartedMain] HikariPool-1 - Starting...
2023-05-18 17:00:27,347 INFO com.zaxxer.hikari.pool.HikariPool [restartedMain] HikariPool-1 - Added connection org.postgresql.jdbc.PgConnection@61a44abc
2023-05-18 17:00:27,348 INFO com.zaxxer.hikari.HikariDataSource [restartedMain] HikariPool-1 - Start completed.
2023-05-18 17:00:27,394 INFO org.hibernate.jpa.internal.util.LogHelper [restartedMain] HHH000204: Processing PersistenceUnitInfo [name: default]
2023-05-18 17:00:27,450 INFO org.hibernate.Version [restartedMain] HHH000412: Hibernate ORM core version 6.1.7.Final
2023-05-18 17:00:27,801 INFO SQL dialect [restartedMain] HHH000400: Using dialect: org.hibernate.dialect.PostgreSQLDialect
2023-05-18 17:00:28,736 INFO org.hibernate.engine.transaction.jta.platform.internal.JtaPlatformInitiator [restartedMain] HHH000490: Using JtaPlatform implementation: [org.hibernate.engine.transaction.jta.platform.internal.NoJtaPlatform]
2023-05-18 17:00:30,212 INFO com.genius.tms_c61_genius.TmsC61GeniusApplication [restartedMain] Started TmsC61GeniusApplication in 5.77 seconds (process running for 6.465)
2023-05-18 17:00:30,738 INFO org.apache.catalina.core.ContainerBase.[Tomcat].[localhost].[/] [RMI TCP Connection(1)-192.168.100.130] Initializing Spring DispatcherServlet 'dispatcherServlet'
2023-05-18 17:00:46,175 INFO com.genius.tms_c61_genius.aspect.LoggerAspect [http-nio-8080-exec-4] Class Name: com.genius.tms_c61_genius.controller.UserController. Method Name: getUser. Time taken for Execution is : 164ms
2023-05-18 17:00:59,640 INFO com.zaxxer.hikari.HikariDataSource [SpringApplicationShutdownHook] HikariPool-1 - Shutdown initiated...
2023-05-18 17:00:59,649 INFO com.zaxxer.hikari.HikariDataSource [SpringApplicationShutdownHook] HikariPool-1 - Shutdown completed.
2023-05-18 17:03:34,343 INFO com.genius.tms_c61_genius.TmsC61GeniusApplication [restartedMain] Starting TmsC61GeniusApplication using Java 17.0.5 with PID 21724 (D:\Java\Java.projects\tms_c61_genius\target\classes started by ASUS in D:\Java\Java.projects\tms_c61_genius)
2023-05-18 17:03:34,346 INFO com.genius.tms_c61_genius.TmsC61GeniusApplication [restartedMain] No active profile set, falling back to 1 default profile: "default"
2023-05-18 17:03:36,302 INFO org.apache.catalina.core.StandardService [restartedMain] Starting service [Tomcat]
2023-05-18 17:03:36,303 INFO org.apache.catalina.core.StandardEngine [restartedMain] Starting Servlet engine: [Apache Tomcat/10.1.8]
2023-05-18 17:03:36,364 INFO org.apache.catalina.core.ContainerBase.[Tomcat].[localhost].[/] [restartedMain] Initializing Spring embedded WebApplicationContext
2023-05-18 17:03:36,588 INFO com.zaxxer.hikari.HikariDataSource [restartedMain] HikariPool-1 - Starting...
2023-05-18 17:03:36,771 INFO com.zaxxer.hikari.pool.HikariPool [restartedMain] HikariPool-1 - Added connection org.postgresql.jdbc.PgConnection@2d80d4eb
2023-05-18 17:03:36,772 INFO com.zaxxer.hikari.HikariDataSource [restartedMain] HikariPool-1 - Start completed.
2023-05-18 17:03:36,813 INFO org.hibernate.jpa.internal.util.LogHelper [restartedMain] HHH000204: Processing PersistenceUnitInfo [name: default]
2023-05-18 17:03:36,859 INFO org.hibernate.Version [restartedMain] HHH000412: Hibernate ORM core version 6.1.7.Final
2023-05-18 17:03:37,162 INFO SQL dialect [restartedMain] HHH000400: Using dialect: org.hibernate.dialect.PostgreSQLDialect
2023-05-18 17:03:38,044 INFO org.hibernate.engine.transaction.jta.platform.internal.JtaPlatformInitiator [restartedMain] HHH000490: Using JtaPlatform implementation: [org.hibernate.engine.transaction.jta.platform.internal.NoJtaPlatform]
2023-05-18 17:03:39,418 INFO com.genius.tms_c61_genius.TmsC61GeniusApplication [restartedMain] Started TmsC61GeniusApplication in 5.575 seconds (process running for 6.316)
2023-05-18 17:03:39,580 INFO org.apache.catalina.core.ContainerBase.[Tomcat].[localhost].[/] [RMI TCP Connection(6)-192.168.100.130] Initializing Spring DispatcherServlet 'dispatcherServlet'
2023-05-18 17:04:39,482 INFO com.zaxxer.hikari.HikariDataSource [SpringApplicationShutdownHook] HikariPool-1 - Shutdown initiated...
2023-05-18 17:04:39,487 INFO com.zaxxer.hikari.HikariDataSource [SpringApplicationShutdownHook] HikariPool-1 - Shutdown completed.
